<?xml version="1.0" encoding="UTF-8"?>
<Site BuildName="Linux-c++"
	BuildStamp="20230129-2345-Experimental"
	Name="DESKTOP-N58EF89"
	Generator="ctest-3.16.3"
	CompilerName="/usr/bin/c++"
	CompilerVersion="9.4.0"
	OSName="Linux"
	Hostname="DESKTOP-N58EF89"
	OSRelease="4.4.0-19041-Microsoft"
	OSVersion="#2311-Microsoft Tue Nov 08 17:09:00 PST 2022"
	OSPlatform="x86_64"
	Is64Bits="1"
	VendorString="GenuineIntel"
	VendorID="Intel Corporation"
	FamilyID="6"
	ModelID="140"
	ProcessorCacheSize="1280"
	NumberOfLogicalCPU="8"
	NumberOfPhysicalCPU="4"
	TotalVirtualMemory="24576"
	TotalPhysicalMemory="7918"
	LogicalProcessorsPerPhysical="2"
	ProcessorClockFrequency="1382"
	>
	<Testing>
		<StartDateTime>Jan 29 17:45 CST</StartDateTime>
		<StartTestTime>1675035914</StartTestTime>
		<TestList/>
		<EndDateTime>Jan 29 17:45 CST</EndDateTime>
		<EndTestTime>1675035914</EndTestTime>
		<ElapsedMinutes>0</ElapsedMinutes>
	</Testing>
</Site>
